<?xml version="1.0" encoding="utf-8"?>
<testsuites name="trafficlight" errors="{{ errors }}" failures="{{ failures }}" tests="{{ tests }}" time="{{ time }}">
    <!-- each testsuite is a trafficlight test -->
    {% for testsuite in testsuites %}
    <testsuite errors="{{ testsuite.errors }}" failures="{{ testsuite.failures }}" skipped="{{ testsuite.skipped }}"
               tests="{{ testsuite.tests }}" name="{{ testsuite.name }}" timestamp="{{ testsuite.timestamp }}">
        <!-- each testcase is a parameterized trafficlight test -->
        {% for testcase in testsuite.testcases %}
        <testcase classname="{{ testsuite.name }}" name="{{ testcase.name }}" time="{{ testcase.time }}">
            {% if testcase.failure %}
            <failure message="{{ testcase.failure_message }}" type="failure">
                {{ testcase.failure_detail }}
            </failure>
            {% endif %}
            {% if testcase.skipped %}
            <skipped message="{{ testcase.skipped_message }}" type="skipped">
                {{ testcase.skipped_detail }}
            </skipped>
            {% endif %}
            {% if testcase.error %}
            <error message="{{ testcase.error_message }}" type="error">
                {{ testcase.error_detail }}
            </error>
            {% endif %}
        </testcase>
        {% endfor %}

    </testsuite>
    {% endfor %}
</testsuites>
